Traceback (most recent call last):
  File "<frozen runpy>", line 198, in _run_module_as_main
  File "<frozen runpy>", line 88, in _run_code
  File "/home/bryan23673/Documents/spotify_schedule/app/calls.py", line 8, in <module>
    conn = get_connection()
  File "/home/bryan23673/Documents/spotify_schedule/app/database.py", line 11, in get_connection
    raise RuntimeError("DATABASE_URL is not set")
RuntimeError: DATABASE_URL is not set
Traceback (most recent call last):
  File "<frozen runpy>", line 198, in _run_module_as_main
  File "<frozen runpy>", line 88, in _run_code
  File "/home/bryan23673/Documents/spotify_schedule/app/calls.py", line 8, in <module>
    conn = get_connection()
  File "/home/bryan23673/Documents/spotify_schedule/app/database.py", line 12, in get_connection
    return psycopg.connect(db_url, row_factory=dict_row)
           ~~~~~~~~~~~~~~~^^^^^^^^^^^^^^^^^^^^^^^^^^^^^^
  File "/home/bryan23673/Documents/spotify_schedule/music_venv/lib/python3.13/site-packages/psycopg/connection.py", line 122, in connect
    raise last_ex.with_traceback(None)
psycopg.OperationalError: connection failed: connection to server at "66.33.22.235", port 22554 failed: server closed the connection unexpectedly
	This probably means the server terminated abnormally
	before or while processing the request.
